Build started 2015-02-26 11:35:06.
     1>Project "C:\Users\Raffeh\Desktop\CS179.14\HW06\~workdir\~workdir\~workdir.vcxproj" on node 2 (rebuild target(s)).
     1>_PrepareForClean:
         Deleting file "Debug\~workdir.lastbuildstate".
       InitializeBuildStatus:
         Touching "Debug\~workdir.unsuccessfulbuild".
       ClCompile:
         C:\Program Files (x86)\Microsoft Visual Studio 10.0\VC\bin\CL.exe /c /ZI /nologo /W3 /WX- /Od /Oy- /D WIN32 /D _DEBUG /D _CONSOLE /D _UNICODE /D UNICODE /Gm /EHsc /RTC1 /MDd /GS /fp:precise /Zc:wchar_t /Zc:forScope /Fo"Debug\\" /Fd"Debug\vc100.pdb" /Gd /TP /analyze- /errorReport:prompt ..\..\src\main.cpp
         main.cpp
     1>c:\users\raffeh\desktop\cs179.14\hw06\src\main.cpp(109): warning C4018: '<' : signed/unsigned mismatch
     1>c:\users\raffeh\desktop\cs179.14\hw06\src\main.cpp(122): warning C4101: 'ev' : unreferenced local variable
     1>c:\users\raffeh\desktop\cs179.14\hw06\src\main.cpp(135): warning C4715: 'SDL_main' : not all control paths return a value
         C:\Program Files (x86)\Microsoft Visual Studio 10.0\VC\bin\CL.exe /c /ZI /nologo /W3 /WX- /Od /Oy- /D WIN32 /D _DEBUG /D _CONSOLE /D _UNICODE /D UNICODE /Gm /EHsc /RTC1 /MDd /GS /fp:precise /Zc:wchar_t /Zc:forScope /Fo"Debug\\" /Fd"Debug\vc100.pdb" /Gd /TC /analyze- /errorReport:prompt "..\SDL2\SDL2_gfx-1.0.1\SDL2_framerate.c" "..\SDL2\SDL2_gfx-1.0.1\SDL2_gfxPrimitives.c" "..\SDL2\SDL2_gfx-1.0.1\SDL2_imageFilter.c" "..\SDL2\SDL2_gfx-1.0.1\SDL2_rotozoom.c"
         SDL2_rotozoom.c
         SDL2_imageFilter.c
         SDL2_gfxPrimitives.c
         SDL2_framerate.c
         Generating Code...
       Link:
         C:\Program Files (x86)\Microsoft Visual Studio 10.0\VC\bin\link.exe /ERRORREPORT:PROMPT /OUT:"C:\Users\Raffeh\Desktop\CS179.14\HW06\~workdir\Debug\~workdir.exe" /INCREMENTAL:NO /NOLOGO SDL2.lib SDL2main.lib kernel32.lib user32.lib gdi32.lib winspool.lib comdlg32.lib advapi32.lib shell32.lib ole32.lib oleaut32.lib uuid.lib odbc32.lib odbccp32.lib /MANIFEST /ManifestFile:"Debug\~workdir.exe.intermediate.manifest" /MANIFESTUAC:"level='asInvoker' uiAccess='false'" /DEBUG /PDB:"C:\Users\Raffeh\Desktop\CS179.14\HW06\~workdir\Debug\~workdir.pdb" /SUBSYSTEM:CONSOLE /TLBID:1 /DYNAMICBASE /NXCOMPAT /IMPLIB:"C:\Users\Raffeh\Desktop\CS179.14\HW06\~workdir\Debug\~workdir.lib" /MACHINE:X86 Debug\main.obj
         Debug\SDL2_framerate.obj
         Debug\SDL2_gfxPrimitives.obj
         Debug\SDL2_imageFilter.obj
         Debug\SDL2_rotozoom.obj
     1>main.obj : warning LNK4075: ignoring '/EDITANDCONTINUE' due to '/INCREMENTAL:NO' specification
     1>MSVCRTD.lib(cinitexe.obj) : warning LNK4098: defaultlib 'msvcrt.lib' conflicts with use of other libs; use /NODEFAULTLIB:library
         ~workdir.vcxproj -> C:\Users\Raffeh\Desktop\CS179.14\HW06\~workdir\Debug\~workdir.exe
       Manifest:
         C:\Program Files (x86)\Microsoft SDKs\Windows\v7.0A\bin\mt.exe /nologo /verbose /outputresource:"C:\Users\Raffeh\Desktop\CS179.14\HW06\~workdir\Debug\~workdir.exe;#1" /manifest "Debug\~workdir.exe.intermediate.manifest"
       FinalizeBuildStatus:
         Deleting file "Debug\~workdir.unsuccessfulbuild".
         Touching "Debug\~workdir.lastbuildstate".
     1>Done Building Project "C:\Users\Raffeh\Desktop\CS179.14\HW06\~workdir\~workdir\~workdir.vcxproj" (rebuild target(s)).

Build succeeded.

Time Elapsed 00:00:02.62
